v2.0 raw
81
00
01
253*00
39
00
fe
37
2*ff
5e
81
0b
01
00
c2
10
01
84
00
30
01
10
83
17
01
00
10
85
1c
01
00
8a
20
01
00
51
4a
ff
88
27
01
00
56
4a
01
87
2e
01
00
10
4a
ff
86
35
01
00
41
03
89
3b
01
00
38
92
03
80
54
03
38
1c
04
80
54
03
30
00
12
83
6f
01
10
85
6f
01
8a
6f
01
51
4a
ff
88
6f
01
56
4a
00
87
6f
01
30
04
4a
02
86
6f
01
41
03
89
6f
01
81
70
01
00
38
d6
03
80
54
03
38
1c
04
80
54
03
38
69
03
80
54
03
38
1c
04
80
54
03
30
99
80
92
01
80
af
02
00
8f
0e
38
83
03
80
54
03
38
1c
04
80
54
03
5d
17
6d
50
6d
80
d8
02
38
11
04
80
54
03
38
d5
02
80
54
03
53
80
d8
02
38
d5
02
80
54
03
38
1e
04
80
54
03
6d
50
6d
80
d8
02
38
0e
04
80
54
03
38
d5
02
80
54
03
53
80
d8
02
38
d5
02
80
54
03
38
1e
04
80
54
03
6d
50
6d
80
d8
02
38
ff
03
80
54
03
38
d5
02
80
54
03
53
80
d8
02
38
d5
02
80
54
03
38
1e
04
80
54
03
6d
50
6d
80
d8
02
38
fb
03
80
54
03
38
d5
02
80
54
03
53
80
d8
02
38
d5
02
80
54
03
38
1e
04
80
54
03
6d
50
6d
80
d8
02
38
f7
03
80
54
03
38
d5
02
80
54
03
53
80
d8
02
38
d5
02
80
54
03
38
1e
04
80
54
03
6d
70
80
d8
02
38
0b
04
80
54
03
38
d5
02
80
54
03
38
1e
04
80
54
03
78
80
23
03
68
40
01
00
80
ea
02
38
14
04
80
54
03
38
e5
02
80
54
03
38
1e
04
80
54
03
bb
80
ea
02
38
18
04
80
54
03
38
e5
02
80
54
03
38
1e
04
80
54
03
38
1c
04
80
54
03
c2
2*99
80
ea
02
38
03
04
80
54
03
38
e5
02
80
54
03
0f
8f
0e
30
ff
33
10
80
d8
02
38
d5
02
80
54
03
38
1e
04
80
54
03
11
85
cf
02
38
1c
04
80
54
03
33
2*10
85
b4
02
0f
8f
3*00
75
71
70
38
d5
02
80
00
03
78
79
7c
8f
5*00
75
71
73
70
38
e7
02
80
00
03
59
38
e5
02
80
00
03
78
7d
79
7c
8f
70
31
03
28
4a
09
87
0e
03
41
30
81
10
03
41
37
60
16
78
20
0f
4a
09
87
1f
03
41
30
81
21
03
41
37
60
8f
0e
39
00
fe
3e
07
52
38
4b
03
32
00
2a
89
37
03
16
81
3e
03
6c
80
65
03
81
43
03
30
20
80
65
03
07
10
05
85
2f
03
0f
8f
5a
43
3d
3e
3c
2d
4d
53
00
70
76
39
00
fe
6c
80
65
03
41
00
85
59
03
7b
78
8f
70
61
78
8f
56
65
72
73
69
6f
6e
20
31
2e
30
20
74
65
73
74
20
72
6f
75
74
69
6e
65
73
00
44
75
6d
70
20
72
65
67
69
73
74
65
72
73
00
4a
75
6d
70
20
74
65
73
74
73
20
70
61
2*73
65
64
20
69
6e
20
74
65
73
74
20
61
6e
64
20
6a
75
6d
70
20
61
6c
73
6f
20
69
6e
63
6c
75
64
65
73
20
62
61
73
69
63
20
69
6e
73
74
72
75
63
74
69
6f
6e
73
00
4a
75
6d
70
20
74
65
73
74
73
20
70
61
2*73
65
64
20
6e
65
67
69
74
69
76
65
20
74
65
73
74
73
00
44
41
3d
00
43
42
3d
00
48
4c
3d
00
74
65
73
74
2*39
3d
00
46
3d
00
58
3d
00
59
3d
00
50
43
3d
00
53
50
3d
00
0a
00
20
